Using pre-set license
Built from '2020.3/staging' branch; Version is '2020.3.11f1 (99c7afb366b3) revision 10078127'; Using compiler version '192528614'; Build Type 'Release'
OS: 'Windows 10 Pro; OS build 19043.1526; Version 2009; 64bit' Language: 'en' Physical Memory: 32430 MB
BatchMode: 1, IsHumanControllingUs: 0, StartBugReporterOnCrash: 0, Is64bit: 1, IsPro: 0

 COMMAND LINE ARGUMENTS:
C:\Program Files\Unity\Hub\Editor\2020.3.11f1\Editor\Unity.exe
-adb2
-batchMode
-noUpm
-name
AssetImportWorker0
-projectPath
C:/Users/ryanw/OneDrive/Documents/GitHub/INVADER
-logFile
Logs/AssetImportWorker0.log
-srvPort
62543
Successfully changed project path to: C:/Users/ryanw/OneDrive/Documents/GitHub/INVADER
C:/Users/ryanw/OneDrive/Documents/GitHub/INVADER
Using Asset Import Pipeline V2.
Refreshing native plugins compatible for Editor in 45.10 ms, found 2 plugins.
Preloading 0 native plugins for Editor in 0.00 ms.
Initialize engine version: 2020.3.11f1 (99c7afb366b3)
[Subsystems] Discovering subsystems at path C:/Program Files/Unity/Hub/Editor/2020.3.11f1/Editor/Data/Resources/UnitySubsystems
[Subsystems] Discovering subsystems at path C:/Users/ryanw/OneDrive/Documents/GitHub/INVADER/Assets
GfxDevice: creating device client; threaded=0
Direct3D:
    Version:  Direct3D 11.0 [level 11.1]
    Renderer: NVIDIA GeForce RTX 2070 SUPER (ID=0x1e84)
    Vendor:   
    VRAM:     8011 MB
    Driver:   30.0.14.9649
Initialize mono
Mono path[0] = 'C:/Program Files/Unity/Hub/Editor/2020.3.11f1/Editor/Data/Managed'
Mono path[1] = 'C:/Program Files/Unity/Hub/Editor/2020.3.11f1/Editor/Data/MonoBleedingEdge/lib/mono/unityjit'
Mono config path = 'C:/Program Files/Unity/Hub/Editor/2020.3.11f1/Editor/Data/MonoBleedingEdge/etc'
Using monoOptions --debugger-agent=transport=dt_socket,embedding=1,server=y,suspend=n,address=127.0.0.1:56128
Begin MonoManager ReloadAssembly
Registering precompiled unity dll's ...
Register platform support module: C:/Program Files/Unity/Hub/Editor/2020.3.11f1/Editor/Data/PlaybackEngines/WebGLSupport/UnityEditor.WebGL.Extensions.dll
Register platform support module: C:/Program Files/Unity/Hub/Editor/2020.3.11f1/Editor/Data/PlaybackEngines/WindowsStandaloneSupport/UnityEditor.WindowsStandalone.Extensions.dll
Registered in 0.001871 seconds.
Native extension for WindowsStandalone target not found
Native extension for WebGL target not found
Refreshing native plugins compatible for Editor in 41.10 ms, found 2 plugins.
Preloading 0 native plugins for Editor in 0.00 ms.
Mono: successfully reloaded assembly
- Completed reload, in  1.825 seconds
Platform modules already initialized, skipping
Registering precompiled user dll's ...
Registered in 0.002717 seconds.
Begin MonoManager ReloadAssembly
Native extension for WindowsStandalone target not found
Native extension for WebGL target not found
Refreshing native plugins compatible for Editor in 41.34 ms, found 2 plugins.
Preloading 0 native plugins for Editor in 0.00 ms.
Mono: successfully reloaded assembly
- Completed reload, in  0.998 seconds
Platform modules already initialized, skipping
========================================================================
Worker process is ready to serve import requests
Launched and connected shader compiler UnityShaderCompiler.exe after 0.03 seconds
Refreshing native plugins compatible for Editor in 0.52 ms, found 2 plugins.
Preloading 0 native plugins for Editor in 0.00 ms.
Unloading 3112 Unused Serialized files (Serialized files now loaded: 0)
System memory in use before: 135.1 MB.
System memory in use after: 135.3 MB.

Unloading 20 unused Assets to reduce memory usage. Loaded Objects now: 3547.
Total: 2.489200 ms (FindLiveObjects: 0.344200 ms CreateObjectMapping: 0.215400 ms MarkObjects: 1.864200 ms  DeleteObjects: 0.064500 ms)

========================================================================
Received Import Request.
  path: Assets/Alien Shooter/Scripts/CaptureVideo.cs
  artifactKey: Guid(88ea9633d94be2a45aa6202606452488) Importer(815301076,1909f56bfc062723c751e8b465ee728b)
Start importing Assets/Alien Shooter/Scripts/CaptureVideo.cs using Guid(88ea9633d94be2a45aa6202606452488) Importer(815301076,1909f56bfc062723c751e8b465ee728b)  -> (artifact id: 'a339c9f468f17bef0a38ce13f0479e60') in 0.026781 seconds
  Import took 0.031429 seconds .

========================================================================
Received Prepare
Registering precompiled user dll's ...
Registered in 0.002623 seconds.
Begin MonoManager ReloadAssembly
Native extension for WindowsStandalone target not found
Native extension for WebGL target not found
Refreshing native plugins compatible for Editor in 0.51 ms, found 2 plugins.
Preloading 0 native plugins for Editor in 0.00 ms.
Mono: successfully reloaded assembly
- Completed reload, in  0.924 seconds
Platform modules already initialized, skipping
Switching build target platform(19) subTarget(0) extendedPlatform(0) -> platform(13) subTarget(524288) extendedPlatform(0)
Refreshing native plugins compatible for Editor in 0.49 ms, found 2 plugins.
Preloading 0 native plugins for Editor in 0.00 ms.
Unloading 2988 Unused Serialized files (Serialized files now loaded: 0)
System memory in use before: 126.2 MB.
System memory in use after: 126.4 MB.

Unloading 15 unused Assets to reduce memory usage. Loaded Objects now: 3550.
Total: 2.072900 ms (FindLiveObjects: 0.260600 ms CreateObjectMapping: 0.139300 ms MarkObjects: 1.658200 ms  DeleteObjects: 0.014000 ms)

AssetImportParameters requested are different than current active one (requested -> active):
  custom:graphics/normal-map-encoding: 01000000000000000000000000000000 -> 02000000000000000000000000000000
========================================================================
Received Prepare
Refreshing native plugins compatible for Editor in 2.88 ms, found 2 plugins.
Preloading 0 native plugins for Editor in 0.00 ms.
Unloading 12 Unused Serialized files (Serialized files now loaded: 0)
System memory in use before: 67.5 MB.
System memory in use after: 67.7 MB.

Unloading 12 unused Assets to reduce memory usage. Loaded Objects now: 3550.
Total: 2.351700 ms (FindLiveObjects: 0.296800 ms CreateObjectMapping: 0.176100 ms MarkObjects: 1.865100 ms  DeleteObjects: 0.013100 ms)

========================================================================
Received Import Request.
  Time since last request: 340.913677 seconds.
  path: Assets/Alien Shooter/Scripts/CaptureVideo.cs
  artifactKey: Guid(88ea9633d94be2a45aa6202606452488) Importer(815301076,1909f56bfc062723c751e8b465ee728b)
Start importing Assets/Alien Shooter/Scripts/CaptureVideo.cs using Guid(88ea9633d94be2a45aa6202606452488) Importer(815301076,1909f56bfc062723c751e8b465ee728b)  -> (artifact id: 'a86fb34ee24b6bc7f801189309874f42') in 0.004401 seconds
  Import took 0.009271 seconds .

========================================================================
Received Import Request.
  Time since last request: 0.021500 seconds.
  path: Assets/Alien Shooter/Scripts/CaptureVideo.cs
  artifactKey: Guid(88ea9633d94be2a45aa6202606452488) Importer(815301076,1909f56bfc062723c751e8b465ee728b)
Start importing Assets/Alien Shooter/Scripts/CaptureVideo.cs using Guid(88ea9633d94be2a45aa6202606452488) Importer(815301076,1909f56bfc062723c751e8b465ee728b)  -> (artifact id: 'a86fb34ee24b6bc7f801189309874f42') in 0.003256 seconds
  Import took 0.007216 seconds .

========================================================================
Received Prepare
Registering precompiled user dll's ...
Registered in 0.002687 seconds.
Begin MonoManager ReloadAssembly
Native extension for WindowsStandalone target not found
Native extension for WebGL target not found
Refreshing native plugins compatible for Editor in 0.51 ms, found 2 plugins.
Preloading 0 native plugins for Editor in 0.00 ms.
Mono: successfully reloaded assembly
- Completed reload, in  0.926 seconds
Platform modules already initialized, skipping
Switching build target platform(19) subTarget(0) extendedPlatform(0) -> platform(13) subTarget(524288) extendedPlatform(0)
Refreshing native plugins compatible for Editor in 0.51 ms, found 2 plugins.
Preloading 0 native plugins for Editor in 0.00 ms.
Unloading 2988 Unused Serialized files (Serialized files now loaded: 0)
System memory in use before: 126.2 MB.
System memory in use after: 126.5 MB.

Unloading 15 unused Assets to reduce memory usage. Loaded Objects now: 3553.
Total: 2.212200 ms (FindLiveObjects: 0.343300 ms CreateObjectMapping: 0.165100 ms MarkObjects: 1.687300 ms  DeleteObjects: 0.015500 ms)

AssetImportParameters requested are different than current active one (requested -> active):
  custom:graphics/normal-map-encoding: 01000000000000000000000000000000 -> 02000000000000000000000000000000
========================================================================
Received Prepare
Refreshing native plugins compatible for Editor in 2.89 ms, found 2 plugins.
Preloading 0 native plugins for Editor in 0.00 ms.
Unloading 12 Unused Serialized files (Serialized files now loaded: 0)
System memory in use before: 67.5 MB.
System memory in use after: 67.8 MB.

Unloading 12 unused Assets to reduce memory usage. Loaded Objects now: 3553.
Total: 2.394800 ms (FindLiveObjects: 0.284100 ms CreateObjectMapping: 0.172700 ms MarkObjects: 1.922400 ms  DeleteObjects: 0.014900 ms)

========================================================================
Received Prepare
Refreshing native plugins compatible for Editor in 2.76 ms, found 2 plugins.
Preloading 0 native plugins for Editor in 0.00 ms.
Unloading 12 Unused Serialized files (Serialized files now loaded: 0)
System memory in use before: 67.5 MB.
System memory in use after: 67.8 MB.

Unloading 12 unused Assets to reduce memory usage. Loaded Objects now: 3553.
Total: 2.636300 ms (FindLiveObjects: 0.270800 ms CreateObjectMapping: 0.137600 ms MarkObjects: 2.214100 ms  DeleteObjects: 0.012900 ms)

