Using pre-set license
Built from '2020.3/staging' branch; Version is '2020.3.11f1 (99c7afb366b3) revision 10078127'; Using compiler version '192528614'; Build Type 'Release'
OS: 'Windows 10 Pro; OS build 19043.1645; Version 2009; 64bit' Language: 'en' Physical Memory: 32430 MB
BatchMode: 1, IsHumanControllingUs: 0, StartBugReporterOnCrash: 0, Is64bit: 1, IsPro: 0

 COMMAND LINE ARGUMENTS:
C:\Program Files\Unity\Hub\Editor\2020.3.11f1\Editor\Unity.exe
-adb2
-batchMode
-noUpm
-name
AssetImportWorker0
-projectPath
C:/Users/ryanw/OneDrive/Documents/GitHub/INVADER
-logFile
Logs/AssetImportWorker0.log
-srvPort
53628
Successfully changed project path to: C:/Users/ryanw/OneDrive/Documents/GitHub/INVADER
C:/Users/ryanw/OneDrive/Documents/GitHub/INVADER
Using Asset Import Pipeline V2.
Refreshing native plugins compatible for Editor in 57.76 ms, found 3 plugins.
Preloading 0 native plugins for Editor in 0.00 ms.
Initialize engine version: 2020.3.11f1 (99c7afb366b3)
[Subsystems] Discovering subsystems at path C:/Program Files/Unity/Hub/Editor/2020.3.11f1/Editor/Data/Resources/UnitySubsystems
[Subsystems] Discovering subsystems at path C:/Users/ryanw/OneDrive/Documents/GitHub/INVADER/Assets
GfxDevice: creating device client; threaded=0
Direct3D:
    Version:  Direct3D 11.0 [level 11.1]
    Renderer: NVIDIA GeForce RTX 2070 SUPER (ID=0x1e84)
    Vendor:   
    VRAM:     8012 MB
    Driver:   30.0.15.1213
Initialize mono
Mono path[0] = 'C:/Program Files/Unity/Hub/Editor/2020.3.11f1/Editor/Data/Managed'
Mono path[1] = 'C:/Program Files/Unity/Hub/Editor/2020.3.11f1/Editor/Data/MonoBleedingEdge/lib/mono/unityjit'
Mono config path = 'C:/Program Files/Unity/Hub/Editor/2020.3.11f1/Editor/Data/MonoBleedingEdge/etc'
Using monoOptions --debugger-agent=transport=dt_socket,embedding=1,server=y,suspend=n,address=127.0.0.1:56356
Begin MonoManager ReloadAssembly
Registering precompiled unity dll's ...
Register platform support module: C:/Program Files/Unity/Hub/Editor/2020.3.11f1/Editor/Data/PlaybackEngines/WebGLSupport/UnityEditor.WebGL.Extensions.dll
Register platform support module: C:/Program Files/Unity/Hub/Editor/2020.3.11f1/Editor/Data/PlaybackEngines/WindowsStandaloneSupport/UnityEditor.WindowsStandalone.Extensions.dll
Registered in 0.002010 seconds.
Native extension for WindowsStandalone target not found
Native extension for WebGL target not found
Refreshing native plugins compatible for Editor in 53.70 ms, found 3 plugins.
Preloading 0 native plugins for Editor in 0.00 ms.
Mono: successfully reloaded assembly
- Completed reload, in  1.821 seconds
Platform modules already initialized, skipping
Registering precompiled user dll's ...
Registered in 0.004566 seconds.
Begin MonoManager ReloadAssembly
Native extension for WindowsStandalone target not found
Native extension for WebGL target not found
Refreshing native plugins compatible for Editor in 55.50 ms, found 3 plugins.
Preloading 0 native plugins for Editor in 0.00 ms.
Mono: successfully reloaded assembly
- Completed reload, in  1.161 seconds
Platform modules already initialized, skipping
========================================================================
Worker process is ready to serve import requests
Launched and connected shader compiler UnityShaderCompiler.exe after 0.03 seconds
Refreshing native plugins compatible for Editor in 0.67 ms, found 3 plugins.
Preloading 0 native plugins for Editor in 0.00 ms.
Unloading 3838 Unused Serialized files (Serialized files now loaded: 0)
System memory in use before: 172.3 MB.
System memory in use after: 172.5 MB.

Unloading 30 unused Assets to reduce memory usage. Loaded Objects now: 4278.
Total: 2.865800 ms (FindLiveObjects: 0.359100 ms CreateObjectMapping: 0.238200 ms MarkObjects: 2.162000 ms  DeleteObjects: 0.105600 ms)

========================================================================
Received Import Request.
  path: Assets/HauntedHouse/3D Models/HOUSE/ecto_burger_23.fbx
  artifactKey: Guid(a6ed950e297c4cb49aedd8e9846f8433) Importer(815301076,1909f56bfc062723c751e8b465ee728b)
Start importing Assets/HauntedHouse/3D Models/HOUSE/ecto_burger_23.fbx using Guid(a6ed950e297c4cb49aedd8e9846f8433) Importer(815301076,1909f56bfc062723c751e8b465ee728b)  -> (artifact id: '2720314058d209496d01b2f4f980f88a') in 0.620600 seconds
  Import took 0.627202 seconds .

========================================================================
Received Import Request.
  Time since last request: 114.810779 seconds.
  path: Assets/HauntedHouse/3D Models/HOUSE/ecto_burger_23_hill.fbx
  artifactKey: Guid(9b96a4f5fe354ad4a9fa0cf0fb038f4c) Importer(815301076,1909f56bfc062723c751e8b465ee728b)
Start importing Assets/HauntedHouse/3D Models/HOUSE/ecto_burger_23_hill.fbx using Guid(9b96a4f5fe354ad4a9fa0cf0fb038f4c) Importer(815301076,1909f56bfc062723c751e8b465ee728b)  -> (artifact id: '1f46c415a579fb4749fef6936dfe6681') in 0.056218 seconds
  Import took 0.062263 seconds .

========================================================================
Received Import Request.
  Time since last request: 85.583483 seconds.
  path: Assets/HauntedHouse/3D Models/HOUSE/HOUSE_SP_05_1001_AlbedoTransparency.png
  artifactKey: Guid(71c9e3b65da236548b54db4396378f79) Importer(815301076,1909f56bfc062723c751e8b465ee728b)
Start importing Assets/HauntedHouse/3D Models/HOUSE/HOUSE_SP_05_1001_AlbedoTransparency.png using Guid(71c9e3b65da236548b54db4396378f79) Importer(815301076,1909f56bfc062723c751e8b465ee728b)  -> (artifact id: '398ca70908f83aa8288fcb290f0eed9a') in 0.080036 seconds
  Import took 0.086830 seconds .

========================================================================
Received Import Request.
  Time since last request: 74.951759 seconds.
  path: Assets/HauntedHouse/3D Models/HOUSE/Materials
  artifactKey: Guid(b2b43d07ced61434f9895521cbaa559e) Importer(815301076,1909f56bfc062723c751e8b465ee728b)
Start importing Assets/HauntedHouse/3D Models/HOUSE/Materials using Guid(b2b43d07ced61434f9895521cbaa559e) Importer(815301076,1909f56bfc062723c751e8b465ee728b)  -> (artifact id: '1f44bc37e28b3b5e097e1ae9f8ffb316') in 0.005540 seconds
  Import took 0.010494 seconds .

========================================================================
Received Import Request.
  Time since last request: 0.060033 seconds.
  path: Assets/HauntedHouse/3D Models/HOUSE/Materials/HOUSE_SP_05_1001_AlbedoTransparency.mat
  artifactKey: Guid(a82c6d31391137944b9fabf6c89baf36) Importer(815301076,1909f56bfc062723c751e8b465ee728b)
Start importing Assets/HauntedHouse/3D Models/HOUSE/Materials/HOUSE_SP_05_1001_AlbedoTransparency.mat using Guid(a82c6d31391137944b9fabf6c89baf36) Importer(815301076,1909f56bfc062723c751e8b465ee728b)  -> (artifact id: '4898d80ccc66d91670465ada20766931') in 0.060650 seconds
  Import took 0.065940 seconds .

========================================================================
Received Import Request.
  Time since last request: 72.152401 seconds.
  path: Assets/HauntedHouse/3D Models/HOUSE/Materials/ecto_burger_21_1001_AlbedoTransparency.png
  artifactKey: Guid(3bc874b7662b2984089a77f364194a47) Importer(815301076,1909f56bfc062723c751e8b465ee728b)
Start importing Assets/HauntedHouse/3D Models/HOUSE/Materials/ecto_burger_21_1001_AlbedoTransparency.png using Guid(3bc874b7662b2984089a77f364194a47) Importer(815301076,1909f56bfc062723c751e8b465ee728b)  -> (artifact id: 'b0a2f4f26069e65ad9782017e6ccdb57') in 0.100304 seconds
  Import took 0.105690 seconds .

========================================================================
Received Import Request.
  Time since last request: 17.778323 seconds.
  path: Assets/HauntedHouse/3D Models/HOUSE/Materials/ecto_burger_21_1001_Normal.png
  artifactKey: Guid(3ad81b7a1abc4344289c7904f7a80fe1) Importer(815301076,1909f56bfc062723c751e8b465ee728b)
Start importing Assets/HauntedHouse/3D Models/HOUSE/Materials/ecto_burger_21_1001_Normal.png using Guid(3ad81b7a1abc4344289c7904f7a80fe1) Importer(815301076,1909f56bfc062723c751e8b465ee728b)  -> (artifact id: '27583672149d67acf360b6114a6ec553') in 0.099087 seconds
  Import took 0.105241 seconds .

========================================================================
Received Import Request.
  Time since last request: 53.412896 seconds.
  path: Packages/com.unity.render-pipelines.universal/Shaders/Unity.RenderPipelines.Universal.Shaders.asmdef
  artifactKey: Guid(b4517ec124862cb4bb3b8b27d72843a6) Importer(815301076,1909f56bfc062723c751e8b465ee728b)
Start importing Packages/com.unity.render-pipelines.universal/Shaders/Unity.RenderPipelines.Universal.Shaders.asmdef using Guid(b4517ec124862cb4bb3b8b27d72843a6) Importer(815301076,1909f56bfc062723c751e8b465ee728b)  -> (artifact id: '6dcf4ccd8f62beca0655b25cff49bc89') in 0.009027 seconds
  Import took 0.014632 seconds .

========================================================================
Received Import Request.
  Time since last request: 0.000143 seconds.
  path: Packages/com.unity.render-pipelines.universal/Shaders/Lit.shader
  artifactKey: Guid(933532a4fcc9baf4fa0491de14d08ed7) Importer(815301076,1909f56bfc062723c751e8b465ee728b)
Start importing Packages/com.unity.render-pipelines.universal/Shaders/Lit.shader using Guid(933532a4fcc9baf4fa0491de14d08ed7) Importer(815301076,1909f56bfc062723c751e8b465ee728b)  -> (artifact id: 'f7c193602a77b213dd1954df0900a48e') in 0.005909 seconds
  Import took 0.010754 seconds .

========================================================================
Received Import Request.
  Time since last request: 179.651933 seconds.
  path: Assets/New Lighting Settings.lighting
  artifactKey: Guid(42943483f3b6f7140b51978f63642e97) Importer(815301076,1909f56bfc062723c751e8b465ee728b)
Start importing Assets/New Lighting Settings.lighting using Guid(42943483f3b6f7140b51978f63642e97) Importer(815301076,1909f56bfc062723c751e8b465ee728b)  -> (artifact id: '2c5f4117bc599844c31284e7f29046bb') in 0.007010 seconds
  Import took 0.013358 seconds .

========================================================================
Received Import Request.
  Time since last request: 0.023936 seconds.
  path: Assets/New Lighting Settings.lighting
  artifactKey: Guid(42943483f3b6f7140b51978f63642e97) Importer(815301076,1909f56bfc062723c751e8b465ee728b)
Start importing Assets/New Lighting Settings.lighting using Guid(42943483f3b6f7140b51978f63642e97) Importer(815301076,1909f56bfc062723c751e8b465ee728b)  -> (artifact id: '2c5f4117bc599844c31284e7f29046bb') in 0.002527 seconds
  Import took 0.007831 seconds .

========================================================================
Received Import Request.
  Time since last request: 226.889581 seconds.
  path: Assets/HauntedHouse/3D Models/HOUSE/Materials/HOUSE_SP_05_1001_AlbedoTransparency.mat
  artifactKey: Guid(a82c6d31391137944b9fabf6c89baf36) Importer(815301076,1909f56bfc062723c751e8b465ee728b)
Start importing Assets/HauntedHouse/3D Models/HOUSE/Materials/HOUSE_SP_05_1001_AlbedoTransparency.mat using Guid(a82c6d31391137944b9fabf6c89baf36) Importer(815301076,1909f56bfc062723c751e8b465ee728b)  -> (artifact id: '2b04fffc46d7349e84e912338b88c843') in 0.096637 seconds
  Import took 0.102586 seconds .

========================================================================
Received Import Request.
  Time since last request: 8.956267 seconds.
  path: Assets/HauntedHouse/3D Models/HOUSE/Materials/ecto_burger_21_1001_Normal.png
  artifactKey: Guid(3ad81b7a1abc4344289c7904f7a80fe1) Importer(815301076,1909f56bfc062723c751e8b465ee728b)
Start importing Assets/HauntedHouse/3D Models/HOUSE/Materials/ecto_burger_21_1001_Normal.png using Guid(3ad81b7a1abc4344289c7904f7a80fe1) Importer(815301076,1909f56bfc062723c751e8b465ee728b)  -> (artifact id: '09129673867a9ca7c5d031278eec548f') in 0.071138 seconds
  Import took 0.078072 seconds .

========================================================================
Received Import Request.
  Time since last request: 17.335873 seconds.
  path: Assets/HauntedHouse/3D Models/HOUSE/Materials/Materials
  artifactKey: Guid(d4e8f1e81d279d04f80d48ff703cfee8) Importer(815301076,1909f56bfc062723c751e8b465ee728b)
Start importing Assets/HauntedHouse/3D Models/HOUSE/Materials/Materials using Guid(d4e8f1e81d279d04f80d48ff703cfee8) Importer(815301076,1909f56bfc062723c751e8b465ee728b)  -> (artifact id: 'edad045def44bb7b1a11854afc07284f') in 0.002139 seconds
  Import took 0.007436 seconds .

========================================================================
Received Import Request.
  Time since last request: 0.000387 seconds.
  path: Assets/HauntedHouse/3D Models/HOUSE/Materials/Materials
  artifactKey: Guid(d4e8f1e81d279d04f80d48ff703cfee8) Importer(815301076,1909f56bfc062723c751e8b465ee728b)
Start importing Assets/HauntedHouse/3D Models/HOUSE/Materials/Materials using Guid(d4e8f1e81d279d04f80d48ff703cfee8) Importer(815301076,1909f56bfc062723c751e8b465ee728b)  -> (artifact id: 'edad045def44bb7b1a11854afc07284f') in 0.001837 seconds
  Import took 0.007191 seconds .

========================================================================
Received Import Request.
  Time since last request: 0.073021 seconds.
  path: Assets/HauntedHouse/3D Models/HOUSE/Materials/Materials/ecto_burger_21_1001_AlbedoTransparency.mat
  artifactKey: Guid(3cc63b81e489ca347b333d68daab4604) Importer(815301076,1909f56bfc062723c751e8b465ee728b)
Start importing Assets/HauntedHouse/3D Models/HOUSE/Materials/Materials/ecto_burger_21_1001_AlbedoTransparency.mat using Guid(3cc63b81e489ca347b333d68daab4604) Importer(815301076,1909f56bfc062723c751e8b465ee728b)  -> (artifact id: 'cbed2cb715bb22fc11aedff212c57de7') in 0.043213 seconds
  Import took 0.048387 seconds .

========================================================================
Received Import Request.
  Time since last request: 530.718821 seconds.
  path: Assets/HauntedHouse/3D Models/HOUSE/Materials/Materials/ecto_burger_21_1001_AlbedoTransparency.mat
  artifactKey: Guid(3cc63b81e489ca347b333d68daab4604) Importer(815301076,1909f56bfc062723c751e8b465ee728b)
Start importing Assets/HauntedHouse/3D Models/HOUSE/Materials/Materials/ecto_burger_21_1001_AlbedoTransparency.mat using Guid(3cc63b81e489ca347b333d68daab4604) Importer(815301076,1909f56bfc062723c751e8b465ee728b)  -> (artifact id: '3dc3daff11195d0371b038bece7d006d') in 0.058031 seconds
  Import took 0.064048 seconds .

AssetImportWorkerClient::OnTransportError - code=2 error=End of file
